<?xml version="1.0" encoding="UTF-8"?>
<testng-results skipped="0" failed="0" ignored="0" total="5" passed="5">
  <reporter-output>
  </reporter-output>
  <suite name="default" duration-ms="109" started-at="2020-01-28T09:08:16 IST" finished-at="2020-01-28T09:08:16 IST">
    <groups>
    </groups>
    <test name="test1" duration-ms="109" started-at="2020-01-28T09:08:16 IST" finished-at="2020-01-28T09:08:16 IST">
      <class name="p2.Class2">
        <test-method status="PASS" signature="tc004()[pri:0, instance:p2.Class2@5a8e6209]" name="tc004" duration-ms="0" started-at="2020-01-28T09:08:16 IST" finished-at="2020-01-28T09:08:16 IST">
          <reporter-output>
          </reporter-output>
        </test-method> <!-- tc004 -->
        <test-method status="PASS" signature="tc005()[pri:0, instance:p2.Class2@5a8e6209]" name="tc005" duration-ms="0" started-at="2020-01-28T09:08:16 IST" finished-at="2020-01-28T09:08:16 IST">
          <reporter-output>
          </reporter-output>
        </test-method> <!-- tc005 -->
      </class> <!-- p2.Class2 -->
      <class name="p1.Class1">
        <test-method status="PASS" signature="tc001()[pri:0, instance:p1.Class1@3b0143d3]" name="tc001" duration-ms="15" started-at="2020-01-28T09:08:16 IST" finished-at="2020-01-28T09:08:16 IST">
          <reporter-output>
          </reporter-output>
        </test-method> <!-- tc001 -->
        <test-method status="PASS" signature="tc002()[pri:0, instance:p1.Class1@3b0143d3]" name="tc002" duration-ms="0" started-at="2020-01-28T09:08:16 IST" finished-at="2020-01-28T09:08:16 IST">
          <reporter-output>
          </reporter-output>
        </test-method> <!-- tc002 -->
        <test-method status="PASS" signature="tc003()[pri:0, instance:p1.Class1@3b0143d3]" name="tc003" duration-ms="0" started-at="2020-01-28T09:08:16 IST" finished-at="2020-01-28T09:08:16 IST">
          <reporter-output>
          </reporter-output>
        </test-method> <!-- tc003 -->
      </class> <!-- p1.Class1 -->
    </test> <!-- test1 -->
  </suite> <!-- default -->
</testng-results>
