<?xml version="1.0" encoding="UTF-8"?>
<!-- Generated by org.testng.reporters.JUnitXMLReporter -->
<testsuite hostname="AA-PC" ignored="0" name="test1" tests="5" failures="0" timestamp="2020-01-28T09:08:16 IST" time="0.109" errors="0">
  <testcase name="tc001" time="0.015" classname="p1.Class1"/>
  <testcase name="tc002" time="0.0" classname="p1.Class1"/>
  <testcase name="tc003" time="0.0" classname="p1.Class1"/>
  <testcase name="tc004" time="0.0" classname="p2.Class2"/>
  <testcase name="tc005" time="0.0" classname="p2.Class2"/>
</testsuite> <!-- test1 -->
